Build started 7/6/2026 9:52:34 PM.
     1>Project "D:\vs project\ConsoleApplication51\ConsoleApplication51\ConsoleApplication51.vcxproj" on node 2 (Build target(s)).
     1>ClCompile:
         D:\Program Files (x86)\Microsoft Visual Studio 11.0\VC\bin\CL.exe /c /ZI /nologo /W3 /WX- /Od /Oy- /D WIN32 /D _DEBUG /D _CONSOLE /D _UNICODE /D UNICODE /Gm /EHsc /RTC1 /MDd /GS /fp:precise /Zc:wchar_t /Zc:forScope /Fo"Debug\\" /Fd"Debug\vc110.pdb" /Gd /TP /analyze- /errorReport:prompt Source.cpp
         Source.cpp
     1>d:\vs project\consoleapplication51\consoleapplication51\source.cpp(139): warning C4996: 'scanf': This function or variable may be unsafe. Consider using scanf_s instead. To disable deprecation, use _CRT_SECURE_NO_WARNINGS. See online help for details.
                 d:\program files (x86)\microsoft visual studio 11.0\vc\include\stdio.h(290) : see declaration of 'scanf'
     1>d:\vs project\consoleapplication51\consoleapplication51\source.cpp(140): warning C4996: 'scanf': This function or variable may be unsafe. Consider using scanf_s instead. To disable deprecation, use _CRT_SECURE_NO_WARNINGS. See online help for details.
                 d:\program files (x86)\microsoft visual studio 11.0\vc\include\stdio.h(290) : see declaration of 'scanf'
     1>d:\vs project\consoleapplication51\consoleapplication51\source.cpp(159): warning C4996: 'scanf': This function or variable may be unsafe. Consider using scanf_s instead. To disable deprecation, use _CRT_SECURE_NO_WARNINGS. See online help for details.
                 d:\program files (x86)\microsoft visual studio 11.0\vc\include\stdio.h(290) : see declaration of 'scanf'
     1>d:\vs project\consoleapplication51\consoleapplication51\source.cpp(181): warning C4996: 'scanf': This function or variable may be unsafe. Consider using scanf_s instead. To disable deprecation, use _CRT_SECURE_NO_WARNINGS. See online help for details.
                 d:\program files (x86)\microsoft visual studio 11.0\vc\include\stdio.h(290) : see declaration of 'scanf'
     1>d:\vs project\consoleapplication51\consoleapplication51\source.cpp(182): warning C4996: 'fopen': This function or variable may be unsafe. Consider using fopen_s instead. To disable deprecation, use _CRT_SECURE_NO_WARNINGS. See online help for details.
                 d:\program files (x86)\microsoft visual studio 11.0\vc\include\stdio.h(218) : see declaration of 'fopen'
     1>d:\vs project\consoleapplication51\consoleapplication51\source.cpp(188): warning C4996: 'fscanf': This function or variable may be unsafe. Consider using fscanf_s instead. To disable deprecation, use _CRT_SECURE_NO_WARNINGS. See online help for details.
                 d:\program files (x86)\microsoft visual studio 11.0\vc\include\stdio.h(237) : see declaration of 'fscanf'
     1>d:\vs project\consoleapplication51\consoleapplication51\source.cpp(234): warning C4996: 'scanf': This function or variable may be unsafe. Consider using scanf_s instead. To disable deprecation, use _CRT_SECURE_NO_WARNINGS. See online help for details.
                 d:\program files (x86)\microsoft visual studio 11.0\vc\include\stdio.h(290) : see declaration of 'scanf'
     1>d:\vs project\consoleapplication51\consoleapplication51\source.cpp(235): warning C4996: 'strcpy': This function or variable may be unsafe. Consider using strcpy_s instead. To disable deprecation, use _CRT_SECURE_NO_WARNINGS. See online help for details.
                 d:\program files (x86)\microsoft visual studio 11.0\vc\include\string.h(110) : see declaration of 'strcpy'
     1>d:\vs project\consoleapplication51\consoleapplication51\source.cpp(238): warning C4996: 'fopen': This function or variable may be unsafe. Consider using fopen_s instead. To disable deprecation, use _CRT_SECURE_NO_WARNINGS. See online help for details.
                 d:\program files (x86)\microsoft visual studio 11.0\vc\include\stdio.h(218) : see declaration of 'fopen'
     1>d:\vs project\consoleapplication51\consoleapplication51\source.cpp(256): warning C4996: 'fopen': This function or variable may be unsafe. Consider using fopen_s instead. To disable deprecation, use _CRT_SECURE_NO_WARNINGS. See online help for details.
                 d:\program files (x86)\microsoft visual studio 11.0\vc\include\stdio.h(218) : see declaration of 'fopen'
     1>d:\vs project\consoleapplication51\consoleapplication51\source.cpp(266): warning C4996: 'sscanf': This function or variable may be unsafe. Consider using sscanf_s instead. To disable deprecation, use _CRT_SECURE_NO_WARNINGS. See online help for details.
                 d:\program files (x86)\microsoft visual studio 11.0\vc\include\stdio.h(311) : see declaration of 'sscanf'
     1>d:\vs project\consoleapplication51\consoleapplication51\source.cpp(267): warning C4996: 'strcpy': This function or variable may be unsafe. Consider using strcpy_s instead. To disable deprecation, use _CRT_SECURE_NO_WARNINGS. See online help for details.
                 d:\program files (x86)\microsoft visual studio 11.0\vc\include\string.h(110) : see declaration of 'strcpy'
     1>d:\vs project\consoleapplication51\consoleapplication51\source.cpp(280): warning C4996: 'scanf': This function or variable may be unsafe. Consider using scanf_s instead. To disable deprecation, use _CRT_SECURE_NO_WARNINGS. See online help for details.
                 d:\program files (x86)\microsoft visual studio 11.0\vc\include\stdio.h(290) : see declaration of 'scanf'
     1>d:\vs project\consoleapplication51\consoleapplication51\source.cpp(284): warning C4996: 'strcpy': This function or variable may be unsafe. Consider using strcpy_s instead. To disable deprecation, use _CRT_SECURE_NO_WARNINGS. See online help for details.
                 d:\program files (x86)\microsoft visual studio 11.0\vc\include\string.h(110) : see declaration of 'strcpy'
     1>d:\vs project\consoleapplication51\consoleapplication51\source.cpp(286): warning C4996: 'fopen': This function or variable may be unsafe. Consider using fopen_s instead. To disable deprecation, use _CRT_SECURE_NO_WARNINGS. See online help for details.
                 d:\program files (x86)\microsoft visual studio 11.0\vc\include\stdio.h(218) : see declaration of 'fopen'
     1>d:\vs project\consoleapplication51\consoleapplication51\source.cpp(292): warning C4996: 'sscanf': This function or variable may be unsafe. Consider using sscanf_s instead. To disable deprecation, use _CRT_SECURE_NO_WARNINGS. See online help for details.
                 d:\program files (x86)\microsoft visual studio 11.0\vc\include\stdio.h(311) : see declaration of 'sscanf'
     1>d:\vs project\consoleapplication51\consoleapplication51\source.cpp(296): warning C4996: 'sscanf': This function or variable may be unsafe. Consider using sscanf_s instead. To disable deprecation, use _CRT_SECURE_NO_WARNINGS. See online help for details.
                 d:\program files (x86)\microsoft visual studio 11.0\vc\include\stdio.h(311) : see declaration of 'sscanf'
     1>d:\vs project\consoleapplication51\consoleapplication51\source.cpp(299): warning C4996: 'sscanf': This function or variable may be unsafe. Consider using sscanf_s instead. To disable deprecation, use _CRT_SECURE_NO_WARNINGS. See online help for details.
                 d:\program files (x86)\microsoft visual studio 11.0\vc\include\stdio.h(311) : see declaration of 'sscanf'
     1>d:\vs project\consoleapplication51\consoleapplication51\source.cpp(302): warning C4996: 'sscanf': This function or variable may be unsafe. Consider using sscanf_s instead. To disable deprecation, use _CRT_SECURE_NO_WARNINGS. See online help for details.
                 d:\program files (x86)\microsoft visual studio 11.0\vc\include\stdio.h(311) : see declaration of 'sscanf'
     1>d:\vs project\consoleapplication51\consoleapplication51\source.cpp(307): warning C4996: 'fscanf': This function or variable may be unsafe. Consider using fscanf_s instead. To disable deprecation, use _CRT_SECURE_NO_WARNINGS. See online help for details.
                 d:\program files (x86)\microsoft visual studio 11.0\vc\include\stdio.h(237) : see declaration of 'fscanf'
     1>d:\vs project\consoleapplication51\consoleapplication51\source.cpp(362): warning C4996: 'sprintf': This function or variable may be unsafe. Consider using sprintf_s instead. To disable deprecation, use _CRT_SECURE_NO_WARNINGS. See online help for details.
                 d:\program files (x86)\microsoft visual studio 11.0\vc\include\stdio.h(357) : see declaration of 'sprintf'
     1>d:\vs project\consoleapplication51\consoleapplication51\source.cpp(368): warning C4996: 'sprintf': This function or variable may be unsafe. Consider using sprintf_s instead. To disable deprecation, use _CRT_SECURE_NO_WARNINGS. See online help for details.
                 d:\program files (x86)\microsoft visual studio 11.0\vc\include\stdio.h(357) : see declaration of 'sprintf'
     1>d:\vs project\consoleapplication51\consoleapplication51\source.cpp(378): warning C4996: 'scanf': This function or variable may be unsafe. Consider using scanf_s instead. To disable deprecation, use _CRT_SECURE_NO_WARNINGS. See online help for details.
                 d:\program files (x86)\microsoft visual studio 11.0\vc\include\stdio.h(290) : see declaration of 'scanf'
     1>d:\vs project\consoleapplication51\consoleapplication51\source.cpp(381): warning C4996: 'scanf': This function or variable may be unsafe. Consider using scanf_s instead. To disable deprecation, use _CRT_SECURE_NO_WARNINGS. See online help for details.
                 d:\program files (x86)\microsoft visual studio 11.0\vc\include\stdio.h(290) : see declaration of 'scanf'
     1>d:\vs project\consoleapplication51\consoleapplication51\source.cpp(388): warning C4996: 'scanf': This function or variable may be unsafe. Consider using scanf_s instead. To disable deprecation, use _CRT_SECURE_NO_WARNINGS. See online help for details.
                 d:\program files (x86)\microsoft visual studio 11.0\vc\include\stdio.h(290) : see declaration of 'scanf'
     1>d:\vs project\consoleapplication51\consoleapplication51\source.cpp(403): warning C4996: 'scanf': This function or variable may be unsafe. Consider using scanf_s instead. To disable deprecation, use _CRT_SECURE_NO_WARNINGS. See online help for details.
                 d:\program files (x86)\microsoft visual studio 11.0\vc\include\stdio.h(290) : see declaration of 'scanf'
     1>d:\vs project\consoleapplication51\consoleapplication51\source.cpp(404): warning C4996: 'scanf': This function or variable may be unsafe. Consider using scanf_s instead. To disable deprecation, use _CRT_SECURE_NO_WARNINGS. See online help for details.
                 d:\program files (x86)\microsoft visual studio 11.0\vc\include\stdio.h(290) : see declaration of 'scanf'
     1>d:\vs project\consoleapplication51\consoleapplication51\source.cpp(412): warning C4244: 'argument' : conversion from 'time_t' to 'unsigned int', possible loss of data
       Link:
         D:\Program Files (x86)\Microsoft Visual Studio 11.0\VC\bin\link.exe /ERRORREPORT:PROMPT /OUT:"D:\vs project\ConsoleApplication51\Debug\ConsoleApplication51.exe" /INCREMENTAL /NOLOGO kernel32.lib user32.lib gdi32.lib winspool.lib comdlg32.lib advapi32.lib shell32.lib ole32.lib oleaut32.lib uuid.lib odbc32.lib odbccp32.lib /MANIFEST /MANIFESTUAC:"level='asInvoker' uiAccess='false'" /manifest:embed /DEBUG /PDB:"D:\vs project\ConsoleApplication51\Debug\ConsoleApplication51.pdb" /SUBSYSTEM:CONSOLE /TLBID:1 /DYNAMICBASE /NXCOMPAT /IMPLIB:"D:\vs project\ConsoleApplication51\Debug\ConsoleApplication51.lib" /MACHINE:X86 Debug\Source.obj
         ConsoleApplication51.vcxproj -> D:\vs project\ConsoleApplication51\Debug\ConsoleApplication51.exe
     1>Done Building Project "D:\vs project\ConsoleApplication51\ConsoleApplication51\ConsoleApplication51.vcxproj" (Build target(s)).

Build succeeded.

Time Elapsed 00:00:03.68
